<?xml version="1.0" encoding="UTF-8"?>
<Site BuildName="(empty)"
	BuildStamp="20250612-1814-Experimental"
	Name="(empty)"
	Generator="ctest-3.28.3"
	CompilerName=""
	CompilerVersion=""
	OSName="Linux"
	Hostname="mesut-Vostro-5471"
	OSRelease="6.8.0-60-generic"
	OSVersion="#63-Ubuntu SMP PREEMPT_DYNAMIC Tue Apr 15 19:04:15 UTC 2025"
	OSPlatform="x86_64"
	Is64Bits="1"
	VendorString="GenuineIntel"
	VendorID="Intel Corporation"
	FamilyID="6"
	ModelID="142"
	ProcessorCacheSize="8192"
	NumberOfLogicalCPU="8"
	NumberOfPhysicalCPU="4"
	TotalVirtualMemory="16183"
	TotalPhysicalMemory="7840"
	LogicalProcessorsPerPhysical="2"
	ProcessorClockFrequency="2500"
	>
	<Testing>
		<StartDateTime>Jun 13 02:45 +03</StartDateTime>
		<StartTestTime>1749771958</StartTestTime>
		<TestList/>
		<EndDateTime>Jun 13 02:45 +03</EndDateTime>
		<EndTestTime>1749771958</EndTestTime>
		<ElapsedMinutes>0</ElapsedMinutes>
	</Testing>
</Site>
